Detecting C [-std=c11] compiler features failed to compile with the following output:
Change Dir: /cygdrive/c/Users/HEU-2/CLionProjects/CodeForce/Round#461/C/cmake-build-debug/CMakeFiles/CMakeTmp

Run Build Command:"/usr/bin/make.exe" "cmTC_cef0f/fast"
/usr/bin/make -f CMakeFiles/cmTC_cef0f.dir/build.make CMakeFiles/cmTC_cef0f.dir/build
make[1]: Entering directory '/cygdrive/c/Users/HEU-2/CLionProjects/CodeForce/Round#461/C/cmake-build-debug/CMakeFiles/CMakeTmp'
make[1]: *** No rule to make target '/cygdrive/c/Users/HEU-2/CLionProjects/CodeForce/Round', needed by 'CMakeFiles/cmTC_cef0f.dir/feature_tests.c.o'.  Stop.
make[1]: Leaving directory '/cygdrive/c/Users/HEU-2/CLionProjects/CodeForce/Round#461/C/cmake-build-debug/CMakeFiles/CMakeTmp'
make: *** [Makefile:126: cmTC_cef0f/fast] Error 2



Detecting CXX [-std=c++1z] compiler features failed to compile with the following output:
Change Dir: /cygdrive/c/Users/HEU-2/CLionProjects/CodeForce/Round#461/C/cmake-build-debug/CMakeFiles/CMakeTmp

Run Build Command:"/usr/bin/make.exe" "cmTC_c730e/fast"
/usr/bin/make -f CMakeFiles/cmTC_c730e.dir/build.make CMakeFiles/cmTC_c730e.dir/build
make[1]: Entering directory '/cygdrive/c/Users/HEU-2/CLionProjects/CodeForce/Round#461/C/cmake-build-debug/CMakeFiles/CMakeTmp'
make[1]: *** No rule to make target '/cygdrive/c/Users/HEU-2/CLionProjects/CodeForce/Round', needed by 'CMakeFiles/cmTC_c730e.dir/feature_tests.cxx.o'.  Stop.
make[1]: Leaving directory '/cygdrive/c/Users/HEU-2/CLionProjects/CodeForce/Round#461/C/cmake-build-debug/CMakeFiles/CMakeTmp'
make: *** [Makefile:126: cmTC_c730e/fast] Error 2



